app/build/outputs/logs/manifest-merger-debug-report.txt
-- Merging decision tree log ---
manifest
ADDED from src\main\AndroidManifest.xml:2:1-144:12
	package
		ADDED from src\main\AndroidManifest.xml:3:5-43
		INJECTED from src\main\AndroidManifest.xml
		INJECTED from src\main\AndroidManifest.xml
	android:versionName
		ADDED from src\main\AndroidManifest.xml:5:5-30
		INJECTED from src\main\AndroidManifest.xml
		INJECTED from src\main\AndroidManifest.xml
	android:versionCode
		ADDED from src\main\AndroidManifest.xml:4:5-28
		INJECTED from src\main\AndroidManifest.xml
		INJECTED from src\main\AndroidManifest.xml
	xmlns:android
		ADDED from src\main\AndroidManifest.xml:2:11-69
permission#edu.heuu.campusAssistant.map.permission.MAPS_RECEIVE
ADDED from src\main\AndroidManifest.xml:7:5-9:48
	android:protectionLevel
		ADDED from src\main\AndroidManifest.xml:9:11-46
	android:name
		ADDED from src\main\AndroidManifest.xml:8:11-78
uses-permission#edu.heuu.campusAssistant.map.permission.MAPS_RECEIVE
ADDED from src\main\AndroidManifest.xml:10:6-92
	android:name
		ADDED from src\main\AndroidManifest.xml:10:23-90
uses-sdk
ADDED from src\main\AndroidManifest.xml:11:5-13:41
MERGED from [com.android.support:multidex:1.0.1] AndroidManifest.xml:18:5-42
	android:targetSdkVersion
		ADDED from src\main\AndroidManifest.xml:13:10-39
		INJECTED from src\main\AndroidManifest.xml
		INJECTED from src\main\AndroidManifest.xml
	android:minSdkVersion
		ADDED from src\main\AndroidManifest.xml:12:9-35
		INJECTED from src\main\AndroidManifest.xml
		INJECTED from src\main\AndroidManifest.xml
uses-permission#android.permission.GET_ACCOUNTS
ADDED from src\main\AndroidManifest.xml:15:5-71
	android:name
		ADDED from src\main\AndroidManifest.xml:15:22-68
uses-permission#android.permission.USE_CREDENTIALS
ADDED from src\main\AndroidManifest.xml:16:5-74
	android:name
		ADDED from src\main\AndroidManifest.xml:16:22-71
uses-permission#android.permission.MANAGE_ACCOUNTS
ADDED from src\main\AndroidManifest.xml:17:5-74
	android:name
		ADDED from src\main\AndroidManifest.xml:17:22-71
uses-permission#android.permission.AUTHENTICATE_ACCOUNTS
ADDED from src\main\AndroidManifest.xml:18:5-80
	android:name
		ADDED from src\main\AndroidManifest.xml:18:22-77
uses-permission#android.permission.ACCESS_NETWORK_STATE
ADDED from src\main\AndroidManifest.xml:19:5-20:23
	android:name
		ADDED from src\main\AndroidManifest.xml:19:22-76
uses-permission#android.permission.MOUNT_UNMOUNT_FILESYSTEMS
ADDED from src\main\AndroidManifest.xml:22:5-84
	android:name
		ADDED from src\main\AndroidManifest.xml:22:22-81
uses-permission#android.permission.BAIDU_LOCATION_SERVICE
ADDED from src\main\AndroidManifest.xml:23:5-81
	android:name
		ADDED from src\main\AndroidManifest.xml:23:22-78
uses-permission#android.permission.ACCESS_COARSE_LOCATION
ADDED from src\main\AndroidManifest.xml:26:5-81
	android:name
		ADDED from src\main\AndroidManifest.xml:26:22-78
uses-permission#android.permission.INTERNET
ADDED from src\main\AndroidManifest.xml:27:5-67
	android:name
		ADDED from src\main\AndroidManifest.xml:27:22-64
uses-permission#android.permission.ACCES_MOCK_LOCATION
ADDED from src\main\AndroidManifest.xml:28:5-78
	android:name
		ADDED from src\main\AndroidManifest.xml:28:22-75
uses-permission#android.permission.ACCESS_FINE_LOCATION
ADDED from src\main\AndroidManifest.xml:29:5-79
	android:name
		ADDED from src\main\AndroidManifest.xml:29:22-76
uses-permission#com.android.launcher.permission.READ_SETTINGS
ADDED from src\main\AndroidManifest.xml:30:5-85
	android:name
		ADDED from src\main\AndroidManifest.xml:30:22-82
uses-permission#android.permission.WAKE_LOCK
ADDED from src\main\AndroidManifest.xml:31:5-68
	android:name
		ADDED from src\main\AndroidManifest.xml:31:22-65
uses-permission#android.permission.CHANGE_WIFI_STATE
ADDED from src\main\AndroidManifest.xml:32:5-76
	android:name
		ADDED from src\main\AndroidManifest.xml:32:22-73
uses-permission#android.permission.ACCESS_WIFI_STATE
ADDED from src\main\AndroidManifest.xml:33:5-76
	android:name
		ADDED from src\main\AndroidManifest.xml:33:22-73
uses-permission#android.permission.ACCESS_GPS
ADDED from src\main\AndroidManifest.xml:34:5-69
	android:name
		ADDED from src\main\AndroidManifest.xml:34:22-66
uses-permission#android.permission.GET_TASKS
ADDED from src\main\AndroidManifest.xml:36:5-68
	android:name
		ADDED from src\main\AndroidManifest.xml:36:22-65
uses-permission#android.permission.WRITE_EXTERNAL_STORAGE
ADDED from src\main\AndroidManifest.xml:37:5-81
	android:name
		ADDED from src\main\AndroidManifest.xml:37:22-78
uses-permission#android.permission.BROADCAST_STICKY
ADDED from src\main\AndroidManifest.xml:38:5-75
	android:name
		ADDED from src\main\AndroidManifest.xml:38:22-72
uses-permission#android.permission.WRITE_SETTINGS
ADDED from src\main\AndroidManifest.xml:39:5-73
	android:name
		ADDED from src\main\AndroidManifest.xml:39:22-70
uses-permission#android.permission.PROCESS_OUTGOING_CALLS
ADDED from src\main\AndroidManifest.xml:41:5-81
	android:name
		ADDED from src\main\AndroidManifest.xml:41:22-78
uses-permission#android.permission.READ_PHONE_STATE
ADDED from src\main\AndroidManifest.xml:42:5-75
	android:name
		ADDED from src\main\AndroidManifest.xml:42:22-72
uses-permission#android.permission.MODIFY_AUDIO_SETTINGS
ADDED from src\main\AndroidManifest.xml:43:5-80
	android:name
		ADDED from src\main\AndroidManifest.xml:43:22-77
uses-permission#android.permission.RECORD_AUDIO
ADDED from src\main\AndroidManifest.xml:44:5-71
	android:name
		ADDED from src\main\AndroidManifest.xml:44:22-68
uses-feature#0x00020000
ADDED from src\main\AndroidManifest.xml:46:2-48:31
	android:glEsVersion
		ADDED from src\main\AndroidManifest.xml:47:6-38
	android:required
		ADDED from src\main\AndroidManifest.xml:48:6-29
application
ADDED from src\main\AndroidManifest.xml:50:5-142:19
	android:label
		ADDED from src\main\AndroidManifest.xml:53:9-41
	android:allowBackup
		ADDED from src\main\AndroidManifest.xml:51:9-35
	android:icon
		ADDED from src\main\AndroidManifest.xml:52:9-36
	android:theme
		ADDED from src\main\AndroidManifest.xml:54:9-45
meta-data#com.baidu.lbsapi.API_KEY
ADDED from src\main\AndroidManifest.xml:56:9-58:49
	android:value
		ADDED from src\main\AndroidManifest.xml:58:7-47
	android:name
		ADDED from src\main\AndroidManifest.xml:57:7-46
activity#edu.heuu.campusAssistant.login.LoginActivity
ADDED from src\main\AndroidManifest.xml:59:9-67:20
	android:screenOrientation
		ADDED from src\main\AndroidManifest.xml:62:13-49
	android:label
		ADDED from src\main\AndroidManifest.xml:61:13-45
	android:name
		ADDED from src\main\AndroidManifest.xml:60:13-72
intent-filter#android.intent.action.MAIN+android.intent.category.LAUNCHER
ADDED from src\main\AndroidManifest.xml:63:13-66:29
action#android.intent.action.MAIN
ADDED from src\main\AndroidManifest.xml:64:17-69
	android:name
		ADDED from src\main\AndroidManifest.xml:64:25-66
category#android.intent.category.LAUNCHER
ADDED from src\main\AndroidManifest.xml:65:17-77
	android:name
		ADDED from src\main\AndroidManifest.xml:65:27-74
activity#edu.heuu.campusAssistant.login.RegActivity
ADDED from src\main\AndroidManifest.xml:68:9-71:15
	android:screenOrientation
		ADDED from src\main\AndroidManifest.xml:70:13-49
	android:name
		ADDED from src\main\AndroidManifest.xml:69:13-70
activity#edu.heuu.campusAssistant.activity.HomeActivity
ADDED from src\main\AndroidManifest.xml:72:9-75:15
	android:screenOrientation
		ADDED from src\main\AndroidManifest.xml:74:13-49
	android:name
		ADDED from src\main\AndroidManifest.xml:73:13-74
activity#edu.heuu.campusAssistant.activity.MainActivityGroup
ADDED from src\main\AndroidManifest.xml:76:9-79:9
	android:screenOrientation
		ADDED from src\main\AndroidManifest.xml:78:13-49
	android:name
		ADDED from src\main\AndroidManifest.xml:77:13-79
activity#edu.heuu.campusAssistant.activity.LianHeActivity
ADDED from src\main\AndroidManifest.xml:80:9-83:16
	android:screenOrientation
		ADDED from src\main\AndroidManifest.xml:82:13-49
	android:name
		ADDED from src\main\AndroidManifest.xml:81:13-76
activity#edu.heuu.campusAssistant.activity.ReProActivity
ADDED from src\main\AndroidManifest.xml:84:10-87:16
	android:screenOrientation
		ADDED from src\main\AndroidManifest.xml:86:13-49
	android:name
		ADDED from src\main\AndroidManifest.xml:85:13-75
activity#edu.heuu.campusAssistant.school.SchoolActivity
ADDED from src\main\AndroidManifest.xml:89:10-92:16
	android:screenOrientation
		ADDED from src\main\AndroidManifest.xml:91:13-49
	android:name
		ADDED from src\main\AndroidManifest.xml:90:13-74
activity#edu.heuu.campusAssistant.school.SchoolDetialActivity
ADDED from src\main\AndroidManifest.xml:93:10-96:16
	android:screenOrientation
		ADDED from src\main\AndroidManifest.xml:95:13-49
	android:name
		ADDED from src\main\AndroidManifest.xml:94:13-80
activity#edu.heuu.campusAssistant.tangshan.TangShanActivity
ADDED from src\main\AndroidManifest.xml:97:9-100:16
	android:screenOrientation
		ADDED from src\main\AndroidManifest.xml:99:13-49
	android:name
		ADDED from src\main\AndroidManifest.xml:98:13-78
activity#edu.heuu.campusAssistant.tangshan.TangShanInforActivity
ADDED from src\main\AndroidManifest.xml:101:9-104:16
	android:screenOrientation
		ADDED from src\main\AndroidManifest.xml:103:13-49
	android:name
		ADDED from src\main\AndroidManifest.xml:102:13-83
activity#edu.heuu.campusAssistant.tangshan.TangShanInfor2Activity
ADDED from src\main\AndroidManifest.xml:105:10-108:16
	android:screenOrientation
		ADDED from src\main\AndroidManifest.xml:107:13-49
	android:name
		ADDED from src\main\AndroidManifest.xml:106:13-84
activity#edu.heuu.campusAssistant.Institute.InstituteActivity
ADDED from src\main\AndroidManifest.xml:109:9-112:16
	android:screenOrientation
		ADDED from src\main\AndroidManifest.xml:111:13-49
	android:name
		ADDED from src\main\AndroidManifest.xml:110:13-80
activity#edu.heuu.campusAssistant.Institute.InstituteDetailActivity
ADDED from src\main\AndroidManifest.xml:113:9-116:16
	android:screenOrientation
		ADDED from src\main\AndroidManifest.xml:115:13-49
	android:name
		ADDED from src\main\AndroidManifest.xml:114:13-86
activity#edu.heuu.campusAssistant.map.SchoolMapActivity
ADDED from src\main\AndroidManifest.xml:117:9-120:16
	android:screenOrientation
		ADDED from src\main\AndroidManifest.xml:119:13-49
	android:name
		ADDED from src\main\AndroidManifest.xml:118:13-74
activity#edu.heuu.campusAssistant.activity.MoreActivity
ADDED from src\main\AndroidManifest.xml:121:9-124:16
	android:screenOrientation
		ADDED from src\main\AndroidManifest.xml:123:13-49
	android:name
		ADDED from src\main\AndroidManifest.xml:122:13-74
activity#edu.heuu.campusAssistant.login.LoadingActivity
ADDED from src\main\AndroidManifest.xml:125:9-128:12
	android:screenOrientation
		ADDED from src\main\AndroidManifest.xml:127:13-49
	android:name
		ADDED from src\main\AndroidManifest.xml:126:13-74
activity#edu.heuu.campusAssistant.map.LocationActivity
ADDED from src\main\AndroidManifest.xml:130:7-132:82
	android:configChanges
		ADDED from src\main\AndroidManifest.xml:132:9-79
	android:name
		ADDED from src\main\AndroidManifest.xml:131:9-69
activity#edu.heuu.campusAssistant.map.BNavigatorActivity
ADDED from src\main\AndroidManifest.xml:133:9-136:16
	android:configChanges
		ADDED from src\main\AndroidManifest.xml:135:13-83
	android:name
		ADDED from src\main\AndroidManifest.xml:134:13-75
activity#edu.heuu.campusAssistant.map.TangShanMapActivity
ADDED from src\main\AndroidManifest.xml:137:8-140:16
	android:configChanges
		ADDED from src\main\AndroidManifest.xml:139:13-83
	android:name
		ADDED from src\main\AndroidManifest.xml:138:13-76
service#com.baidu.navi.location.f
ADDED from src\main\AndroidManifest.xml:141:9-83
	android:enabled
		ADDED from src\main\AndroidManifest.xml:141:59-81
	android:name
		ADDED from src\main\AndroidManifest.xml:141:18-58